# JRE version: OpenJDK Runtime Environment Microsoft-8297089 (17.0.8.1+1) (build 17.0.8.1+1-LTS)
# Java VM: OpenJDK 64-Bit Server VM Microsoft-8297089 (17.0.8.1+1-LTS, mixed mode, sharing, tiered, compressed oops, compressed class ptrs, g1 gc, windows-amd64)
GC Precious Log:
 CPUs: 4 total, 4 available
 Memory: 20359M
 Large Page Support: Disabled
 NUMA Support: Disabled
 Compressed Oops: Enabled (32-bit)
 Heap Region Size: 1M
 Heap Min Capacity: 8M
 Heap Initial Capacity: 320M
 Heap Max Capacity: 2G
 Pre-touch: Disabled
 Parallel Workers: 4
 Concurrent Workers: 1
 Concurrent Refinement Workers: 4
 Periodic GC: Disabled
Heap:
 garbage-first heap   total 455680K, used 200566K [0x0000000080000000, 0x0000000100000000)
  region size 1024K, 63 young (64512K), 6 survivors (6144K)
 Metaspace       used 99050K, committed 99968K, reserved 557056K
  class space    used 13644K, committed 14080K, reserved 425984K
GC Heap History (20 events):
Event: 21.575 GC heap before
{Heap before GC invocations=24 (full 0):
 garbage-first heap   total 201728K, used 158545K [0x0000000080000000, 0x0000000100000000)
  region size 1024K, 92 young (94208K), 12 survivors (12288K)
 Metaspace       used 81527K, committed 82240K, reserved 557056K
  class space    used 11196K, committed 11584K, reserved 425984K
}
Event: 21.588 GC heap after
{Heap after GC invocations=25 (full 0):
 garbage-first heap   total 201728K, used 83564K [0x0000000080000000, 0x0000000100000000)
  region size 1024K, 7 young (7168K), 7 survivors (7168K)
 Metaspace       used 81527K, committed 82240K, reserved 557056K
  class space    used 11196K, committed 11584K, reserved 425984K
}
Event: 22.790 GC heap before
{Heap before GC invocations=25 (full 0):
 garbage-first heap   total 201728K, used 159340K [0x0000000080000000, 0x0000000100000000)
  region size 1024K, 81 young (82944K), 7 survivors (7168K)
 Metaspace       used 85943K, committed 86720K, reserved 557056K
  class space    used 11876K, committed 12288K, reserved 425984K
}
Event: 22.805 GC heap after
{Heap after GC invocations=26 (full 0):
 garbage-first heap   total 201728K, used 90662K [0x0000000080000000, 0x0000000100000000)
  region size 1024K, 7 young (7168K), 7 survivors (7168K)
 Metaspace       used 85943K, committed 86720K, reserved 557056K
  class space    used 11876K, committed 12288K, reserved 425984K
}
Event: 23.784 GC heap before
{Heap before GC invocations=26 (full 0):
 garbage-first heap   total 201728K, used 164390K [0x0000000080000000, 0x0000000100000000)
  region size 1024K, 76 young (77824K), 7 survivors (7168K)
 Metaspace       used 89617K, committed 90368K, reserved 557056K
  class space    used 12446K, committed 12864K, reserved 425984K
}
Event: 23.800 GC heap after
{Heap after GC invocations=27 (full 0):
 garbage-first heap   total 201728K, used 104329K [0x0000000080000000, 0x0000000100000000)
  region size 1024K, 10 young (10240K), 10 survivors (10240K)
 Metaspace       used 89617K, committed 90368K, reserved 557056K
  class space    used 12446K, committed 12864K, reserved 425984K
}
Event: 27.998 GC heap before
{Heap before GC invocations=27 (full 0):
 garbage-first heap   total 201728K, used 163721K [0x0000000080000000, 0x0000000100000000)
  region size 1024K, 69 young (70656K), 10 survivors (10240K)
 Metaspace       used 92928K, committed 93760K, reserved 557056K
  class space    used 12908K, committed 13312K, reserved 425984K
}
Event: 28.014 GC heap after
{Heap after GC invocations=28 (full 0):
 garbage-first heap   total 201728K, used 111202K [0x0000000080000000, 0x0000000100000000)
  region size 1024K, 7 young (7168K), 7 survivors (7168K)
 Metaspace       used 92928K, committed 93760K, reserved 557056K
  class space    used 12908K, committed 13312K, reserved 425984K
}
Event: 30.919 GC heap before
{Heap before GC invocations=29 (full 0):
 garbage-first heap   total 211968K, used 163426K [0x0000000080000000, 0x0000000100000000)
  region size 1024K, 59 young (60416K), 7 survivors (7168K)
 Metaspace       used 93381K, committed 94272K, reserved 557056K
  class space    used 12922K, committed 13376K, reserved 425984K
}
Event: 30.935 GC heap after
{Heap after GC invocations=30 (full 0):
 garbage-first heap   total 211968K, used 117428K [0x0000000080000000, 0x0000000100000000)
  region size 1024K, 6 young (6144K), 6 survivors (6144K)
 Metaspace       used 93381K, committed 94272K, reserved 557056K
  class space    used 12922K, committed 13376K, reserved 425984K
}
Event: 30.959 GC heap before
{Heap before GC invocations=30 (full 0):
 garbage-first heap   total 211968K, used 121524K [0x0000000080000000, 0x0000000100000000)
  region size 1024K, 10 young (10240K), 6 survivors (6144K)
 Metaspace       used 93385K, committed 94272K, reserved 557056K
  class space    used 12922K, committed 13376K, reserved 425984K
}
Event: 30.976 GC heap after
{Heap after GC invocations=31 (full 0):
 garbage-first heap   total 211968K, used 117358K [0x0000000080000000, 0x0000000100000000)
  region size 1024K, 1 young (1024K), 1 survivors (1024K)
 Metaspace       used 93385K, committed 94272K, reserved 557056K
  class space    used 12922K, committed 13376K, reserved 425984K
}
Event: 32.077 GC heap before
{Heap before GC invocations=31 (full 0):
 garbage-first heap   total 211968K, used 172654K [0x0000000080000000, 0x0000000100000000)
  region size 1024K, 56 young (57344K), 1 survivors (1024K)
 Metaspace       used 97694K, committed 98560K, reserved 557056K
  class space    used 13516K, committed 13952K, reserved 425984K
}
Event: 32.092 GC heap after
{Heap after GC invocations=32 (full 0):
 garbage-first heap   total 211968K, used 124928K [0x0000000080000000, 0x0000000100000000)
  region size 1024K, 7 young (7168K), 7 survivors (7168K)
 Metaspace       used 97694K, committed 98560K, reserved 557056K
  class space    used 13516K, committed 13952K, reserved 425984K
}
Event: 33.213 GC heap before
{Heap before GC invocations=33 (full 0):
 garbage-first heap   total 227328K, used 172032K [0x0000000080000000, 0x0000000100000000)
  region size 1024K, 54 young (55296K), 7 survivors (7168K)
 Metaspace       used 98508K, committed 99392K, reserved 557056K
  class space    used 13607K, committed 14080K, reserved 425984K
}
Event: 33.230 GC heap after
{Heap after GC invocations=34 (full 0):
 garbage-first heap   total 227328K, used 129698K [0x0000000080000000, 0x0000000100000000)
  region size 1024K, 5 young (5120K), 5 survivors (5120K)
 Metaspace       used 98508K, committed 99392K, reserved 557056K
  class space    used 13607K, committed 14080K, reserved 425984K
}
Event: 33.392 GC heap before
{Heap before GC invocations=34 (full 0):
 garbage-first heap   total 227328K, used 135842K [0x0000000080000000, 0x0000000100000000)
  region size 1024K, 11 young (11264K), 5 survivors (5120K)
 Metaspace       used 98742K, committed 99648K, reserved 557056K
  class space    used 13628K, committed 14080K, reserved 425984K
}
Event: 33.408 GC heap after
{Heap after GC invocations=35 (full 0):
 garbage-first heap   total 227328K, used 123390K [0x0000000080000000, 0x0000000100000000)
  region size 1024K, 1 young (1024K), 1 survivors (1024K)
 Metaspace       used 98742K, committed 99648K, reserved 557056K
  class space    used 13628K, committed 14080K, reserved 425984K
}
Event: 34.202 GC heap before
{Heap before GC invocations=35 (full 0):
 garbage-first heap   total 227328K, used 181758K [0x0000000080000000, 0x0000000100000000)
  region size 1024K, 59 young (60416K), 1 survivors (1024K)
 Metaspace       used 98867K, committed 99712K, reserved 557056K
  class space    used 13629K, committed 14080K, reserved 425984K
}
Event: 34.212 GC heap after
{Heap after GC invocations=36 (full 0):
 garbage-first heap   total 455680K, used 127862K [0x0000000080000000, 0x0000000100000000)
  region size 1024K, 6 young (6144K), 6 survivors (6144K)
 Metaspace       used 98867K, committed 99712K, reserved 557056K
  class space    used 13629K, committed 14080K, reserved 425984K
}

